0 info it worked if it ends with ok
1 verbose cli [ '/usr/local/Cellar/node/5.7.1/bin/node',
1 verbose cli   '/usr/local/bin/npm',
1 verbose cli   'run',
1 verbose cli   'coveralls' ]
2 info using npm@3.6.0
3 info using node@v5.7.1
4 verbose run-script [ 'precoveralls', 'coveralls', 'postcoveralls' ]
5 info lifecycle react-delay-render@0.0.2~precoveralls: react-delay-render@0.0.2
6 silly lifecycle react-delay-render@0.0.2~precoveralls: no script for precoveralls, continuing
7 info lifecycle react-delay-render@0.0.2~coveralls: react-delay-render@0.0.2
8 verbose lifecycle react-delay-render@0.0.2~coveralls: unsafe-perm in lifecycle true
9 verbose lifecycle react-delay-render@0.0.2~coveralls: PATH: /usr/local/lib/node_modules/npm/bin/node-gyp-bin:/Users/arnthor/Development/github/react-delay-render/node_modules/.bin:/usr/local/bin:/usr/bin:/bin:/usr/sbin:/sbin
10 verbose lifecycle react-delay-render@0.0.2~coveralls: CWD: /Users/arnthor/Development/github/react-delay-render
11 silly lifecycle react-delay-render@0.0.2~coveralls: Args: [ '-c',
11 silly lifecycle   'cat ./coverage/lcov.info | ./node_modules/.bin/coveralls' ]
12 silly lifecycle react-delay-render@0.0.2~coveralls: Returned: code: 1  signal: null
13 info lifecycle react-delay-render@0.0.2~coveralls: Failed to exec coveralls script
14 verbose stack Error: react-delay-render@0.0.2 coveralls: `cat ./coverage/lcov.info | ./node_modules/.bin/coveralls`
14 verbose stack Exit status 1
14 verbose stack     at EventEmitter.<anonymous> (/usr/local/lib/node_modules/npm/lib/utils/lifecycle.js:232:16)
14 verbose stack     at emitTwo (events.js:100:13)
14 verbose stack     at EventEmitter.emit (events.js:185:7)
14 verbose stack     at ChildProcess.<anonymous> (/usr/local/lib/node_modules/npm/lib/utils/spawn.js:24:14)
14 verbose stack     at emitTwo (events.js:100:13)
14 verbose stack     at ChildProcess.emit (events.js:185:7)
14 verbose stack     at maybeClose (internal/child_process.js:827:16)
14 verbose stack     at Process.ChildProcess._handle.onexit (internal/child_process.js:211:5)
15 verbose pkgid react-delay-render@0.0.2
16 verbose cwd /Users/arnthor/Development/github/react-delay-render
17 error Darwin 14.5.0
18 error argv "/usr/local/Cellar/node/5.7.1/bin/node" "/usr/local/bin/npm" "run" "coveralls"
19 error node v5.7.1
20 error npm  v3.6.0
21 error code ELIFECYCLE
22 error react-delay-render@0.0.2 coveralls: `cat ./coverage/lcov.info | ./node_modules/.bin/coveralls`
22 error Exit status 1
23 error Failed at the react-delay-render@0.0.2 coveralls script 'cat ./coverage/lcov.info | ./node_modules/.bin/coveralls'.
23 error Make sure you have the latest version of node.js and npm installed.
23 error If you do, this is most likely a problem with the react-delay-render package,
23 error not with npm itself.
23 error Tell the author that this fails on your system:
23 error     cat ./coverage/lcov.info | ./node_modules/.bin/coveralls
23 error You can get information on how to open an issue for this project with:
23 error     npm bugs react-delay-render
23 error Or if that isn't available, you can get their info via:
23 error     npm owner ls react-delay-render
23 error There is likely additional logging output above.
24 verbose exit [ 1, true ]
